This is pdfTeX, Version 3.1415926-2.3-1.40.12 (MiKTeX 2.9) (preloaded format=pdflatex 2012.12.5)  2 JAN 2014 12:38
entering extended mode
**Tritium.tex
("C:\Users\Richard\Desktop\Work\Tritium Paper\TritiumSVN\Tritium.tex"
LaTeX2e <2011/06/27>
Babel <v3.8m> and hyphenation patterns for english, afrikaans, ancientgreek, ar
abic, armenian, assamese, basque, bengali, bokmal, bulgarian, catalan, coptic, 
croatian, czech, danish, dutch, esperanto, estonian, farsi, finnish, french, ga
lician, german, german-x-2009-06-19, greek, gujarati, hindi, hungarian, iceland
ic, indonesian, interlingua, irish, italian, kannada, kurmanji, lao, latin, lat
vian, lithuanian, malayalam, marathi, mongolian, mongolianlmc, monogreek, ngerm
an, ngerman-x-2009-06-19, nynorsk, oriya, panjabi, pinyin, polish, portuguese, 
romanian, russian, sanskrit, serbian, slovak, slovenian, spanish, swedish, swis
sgerman, tamil, telugu, turkish, turkmen, ukenglish, ukrainian, uppersorbian, u
senglishmax, welsh, loaded.
("C:\Program Files (x86)\MiKTeX 2.9\tex\latex\base\article.cls"
Document Class: article 2007/10/19 v1.4h Standard LaTeX document class
("C:\Program Files (x86)\MiKTeX 2.9\tex\latex\base\size12.clo"
File: size12.clo 2007/10/19 v1.4h Standard LaTeX file (size option)
)
\c@part=\count79
\c@section=\count80
\c@subsection=\count81
\c@subsubsection=\count82
\c@paragraph=\count83
\c@subparagraph=\count84
\c@figure=\count85
\c@table=\count86
\abovecaptionskip=\skip41
\belowcaptionskip=\skip42
\bibindent=\dimen102
)
("C:\Program Files (x86)\MiKTeX 2.9\tex\latex\ams\math\amsmath.sty"
Package: amsmath 2000/07/18 v2.13 AMS math features
\@mathmargin=\skip43

For additional information on amsmath, use the `?' option.
("C:\Program Files (x86)\MiKTeX 2.9\tex\latex\ams\math\amstext.sty"
Package: amstext 2000/06/29 v2.01

("C:\Program Files (x86)\MiKTeX 2.9\tex\latex\ams\math\amsgen.sty"
File: amsgen.sty 1999/11/30 v2.0
\@emptytoks=\toks14
\ex@=\dimen103
))
("C:\Program Files (x86)\MiKTeX 2.9\tex\latex\ams\math\amsbsy.sty"
Package: amsbsy 1999/11/29 v1.2d
\pmbraise@=\dimen104
)
("C:\Program Files (x86)\MiKTeX 2.9\tex\latex\ams\math\amsopn.sty"
Package: amsopn 1999/12/14 v2.01 operator names
)
\inf@bad=\count87
LaTeX Info: Redefining \frac on input line 211.
\uproot@=\count88
\leftroot@=\count89
LaTeX Info: Redefining \overline on input line 307.
\classnum@=\count90
\DOTSCASE@=\count91
LaTeX Info: Redefining \ldots on input line 379.
LaTeX Info: Redefining \dots on input line 382.
LaTeX Info: Redefining \cdots on input line 467.
\Mathstrutbox@=\box26
\strutbox@=\box27
\big@size=\dimen105
LaTeX Font Info:    Redeclaring font encoding OML on input line 567.
LaTeX Font Info:    Redeclaring font encoding OMS on input line 568.
\macc@depth=\count92
\c@MaxMatrixCols=\count93
\dotsspace@=\muskip10
\c@parentequation=\count94
\dspbrk@lvl=\count95
\tag@help=\toks15
\row@=\count96
\column@=\count97
\maxfields@=\count98
\andhelp@=\toks16
\eqnshift@=\dimen106
\alignsep@=\dimen107
\tagshift@=\dimen108
\tagwidth@=\dimen109
\totwidth@=\dimen110
\lineht@=\dimen111
\@envbody=\toks17
\multlinegap=\skip44
\multlinetaggap=\skip45
\mathdisplay@stack=\toks18
LaTeX Info: Redefining \[ on input line 2666.
LaTeX Info: Redefining \] on input line 2667.
)
("C:\Program Files (x86)\MiKTeX 2.9\tex\latex\graphics\graphicx.sty"
Package: graphicx 1999/02/16 v1.0f Enhanced LaTeX Graphics (DPC,SPQR)

("C:\Program Files (x86)\MiKTeX 2.9\tex\latex\graphics\keyval.sty"
Package: keyval 1999/03/16 v1.13 key=value parser (DPC)
\KV@toks@=\toks19
)
("C:\Program Files (x86)\MiKTeX 2.9\tex\latex\graphics\graphics.sty"
Package: graphics 2009/02/05 v1.0o Standard LaTeX Graphics (DPC,SPQR)

("C:\Program Files (x86)\MiKTeX 2.9\tex\latex\graphics\trig.sty"
Package: trig 1999/03/16 v1.09 sin cos tan (DPC)
)
("C:\Program Files (x86)\MiKTeX 2.9\tex\latex\00miktex\graphics.cfg"
File: graphics.cfg 2007/01/18 v1.5 graphics configuration of teTeX/TeXLive
)
Package graphics Info: Driver file: pdftex.def on input line 91.

("C:\Program Files (x86)\MiKTeX 2.9\tex\latex\pdftex-def\pdftex.def"
File: pdftex.def 2011/05/27 v0.06d Graphics/color for pdfTeX

("C:\Program Files (x86)\MiKTeX 2.9\tex\generic\oberdiek\infwarerr.sty"
Package: infwarerr 2010/04/08 v1.3 Providing info/warning/error messages (HO)
)
("C:\Program Files (x86)\MiKTeX 2.9\tex\generic\oberdiek\ltxcmds.sty"
Package: ltxcmds 2011/11/09 v1.22 LaTeX kernel commands for general use (HO)
)
\Gread@gobject=\count99
))
\Gin@req@height=\dimen112
\Gin@req@width=\dimen113
)
("C:\Program Files (x86)\MiKTeX 2.9\tex\latex\floatrow\floatrow.sty"
Package: floatrow 2008/08/02 v0.3b floatrow: float package extension

("C:\Program Files (x86)\MiKTeX 2.9\tex\latex\caption\caption3.sty"
Package: caption3 2013/02/03 v1.5-62 caption3 kernel (AR)
\captionmargin=\dimen114
\captionmargin@=\dimen115
\captionwidth=\dimen116
\caption@tempdima=\dimen117
\caption@indent=\dimen118
\caption@parindent=\dimen119
\caption@hangindent=\dimen120
)
\c@float@type=\count100
\float@exts=\toks20
\float@box=\box28
\@floatcapt=\box29
Package floatrow Info: Modified float package code loaded on input line 455.
Package floatrow Info: Modified rotfloat package code loaded on input line 473.

\FR@everyfloat=\toks21
\flrow@foot=\insert233
\FB@wd=\dimen121
\FBo@wd=\dimen122
\FBc@wd=\dimen123
\FBo@ht=\skip46
\FBc@ht=\skip47
\FBf@ht=\skip48
\FBo@max=\skip49
\FBc@max=\skip50
\FBf@max=\skip51
\c@FBl@b=\count101
\floatbox@depth=\count102
\c@FRobj=\count103
\c@FRsobj=\count104
\Xhsize=\skip52
\sXhsize=\skip53
\Zhsize=\skip54
\sZhsize=\skip55
\flrow@rowbox=\box30
\FR@Zunitlength=\dimen124
\c@FBcnt=\count105
\FPOScnt=\count106
\LTleft=\skip56
\LTright=\skip57
\LTleft=\skip58
\LTright=\skip59
\flrow@types=\toks22
)
("C:\Program Files (x86)\MiKTeX 2.9\tex\latex\amsfonts\amssymb.sty"
Package: amssymb 2009/06/22 v3.00

("C:\Program Files (x86)\MiKTeX 2.9\tex\latex\amsfonts\amsfonts.sty"
Package: amsfonts 2009/06/22 v3.00 Basic AMSFonts support
\symAMSa=\mathgroup4
\symAMSb=\mathgroup5
LaTeX Font Info:    Overwriting math alphabet `\mathfrak' in version `bold'
(Font)                  U/euf/m/n --> U/euf/b/n on input line 96.
))
("C:\Program Files (x86)\MiKTeX 2.9\tex\latex\caption\caption.sty"
Package: caption 2013/02/03 v3.3-65 Customizing captions (AR)
\c@ContinuedFloat=\count107
Package caption Info: float package is loaded.
Package caption Info: floatrow package is loaded.
)
("C:\Program Files (x86)\MiKTeX 2.9\tex\latex\rotating\rotating.sty"
Package: rotating 2009/03/28 v2.16a rotated objects in LaTeX

("C:\Program Files (x86)\MiKTeX 2.9\tex\latex\base\ifthen.sty"
Package: ifthen 2001/05/26 v1.1c Standard LaTeX ifthen package (DPC)
)
\c@r@tfl@t=\count108
\rotFPtop=\skip60
\rotFPbot=\skip61
\rot@float@box=\box31
\rot@mess@toks=\toks23
)
("C:\Program Files (x86)\MiKTeX 2.9\tex\latex\tools\afterpage.sty"
Package: afterpage 1995/10/27 v1.08 After-Page Package (DPC)
\AP@output=\toks24
\AP@partial=\box32
\AP@footins=\box33
)
("C:\Program Files (x86)\MiKTeX 2.9\tex\latex\geometry\geometry.sty"
Package: geometry 2010/09/12 v5.6 Page Geometry

("C:\Program Files (x86)\MiKTeX 2.9\tex\generic\oberdiek\ifpdf.sty"
Package: ifpdf 2011/01/30 v2.3 Provides the ifpdf switch (HO)
Package ifpdf Info: pdfTeX in PDF mode is detected.
)
("C:\Program Files (x86)\MiKTeX 2.9\tex\generic\oberdiek\ifvtex.sty"
Package: ifvtex 2010/03/01 v1.5 Detect VTeX and its facilities (HO)
Package ifvtex Info: VTeX not detected.
)
("C:\Program Files (x86)\MiKTeX 2.9\tex\generic\ifxetex\ifxetex.sty"
Package: ifxetex 2010/09/12 v0.6 Provides ifxetex conditional
)
\Gm@cnth=\count109
\Gm@cntv=\count110
\c@Gm@tempcnt=\count111
\Gm@bindingoffset=\dimen125
\Gm@wd@mp=\dimen126
\Gm@odd@mp=\dimen127
\Gm@even@mp=\dimen128
\Gm@layoutwidth=\dimen129
\Gm@layoutheight=\dimen130
\Gm@layouthoffset=\dimen131
\Gm@layoutvoffset=\dimen132
\Gm@dimlist=\toks25

("C:\Program Files (x86)\MiKTeX 2.9\tex\latex\geometry\geometry.cfg"))
("C:\Program Files (x86)\MiKTeX 2.9\tex\latex\titlesec\titlesec.sty"
Package: titlesec 2011/12/15 v2.10.0 Sectioning titles
\ttl@box=\box34
\beforetitleunit=\skip62
\aftertitleunit=\skip63
\ttl@plus=\dimen133
\ttl@minus=\dimen134
\ttl@toksa=\toks26
\titlewidth=\dimen135
\titlewidthlast=\dimen136
\titlewidthfirst=\dimen137
)
("C:\Program Files (x86)\MiKTeX 2.9\tex\latex\oberdiek\epstopdf.sty"
Package: epstopdf 2010/02/09 v2.5 Conversion with epstopdf on the fly (HO)

("C:\Program Files (x86)\MiKTeX 2.9\tex\latex\oberdiek\epstopdf-base.sty"
Package: epstopdf-base 2010/02/09 v2.5 Base part for package epstopdf

("C:\Program Files (x86)\MiKTeX 2.9\tex\latex\oberdiek\grfext.sty"
Package: grfext 2010/08/19 v1.1 Manage graphics extensions (HO)

("C:\Program Files (x86)\MiKTeX 2.9\tex\generic\oberdiek\kvdefinekeys.sty"
Package: kvdefinekeys 2011/04/07 v1.3 Define keys (HO)
))
("C:\Program Files (x86)\MiKTeX 2.9\tex\latex\oberdiek\kvoptions.sty"
Package: kvoptions 2011/06/30 v3.11 Key value format for package options (HO)

("C:\Program Files (x86)\MiKTeX 2.9\tex\generic\oberdiek\kvsetkeys.sty"
Package: kvsetkeys 2012/04/25 v1.16 Key value parser (HO)

("C:\Program Files (x86)\MiKTeX 2.9\tex\generic\oberdiek\etexcmds.sty"
Package: etexcmds 2011/02/16 v1.5 Avoid name clashes with e-TeX commands (HO)

("C:\Program Files (x86)\MiKTeX 2.9\tex\generic\oberdiek\ifluatex.sty"
Package: ifluatex 2010/03/01 v1.3 Provides the ifluatex switch (HO)
Package ifluatex Info: LuaTeX not detected.
)
Package etexcmds Info: Could not find \expanded.
(etexcmds)             That can mean that you are not using pdfTeX 1.50 or
(etexcmds)             that some package has redefined \expanded.
(etexcmds)             In the latter case, load this package earlier.
)))
("C:\Program Files (x86)\MiKTeX 2.9\tex\generic\oberdiek\pdftexcmds.sty"
Package: pdftexcmds 2011/11/29 v0.20 Utility functions of pdfTeX for LuaTeX (HO
)
Package pdftexcmds Info: LuaTeX not detected.
Package pdftexcmds Info: \pdf@primitive is available.
Package pdftexcmds Info: \pdf@ifprimitive is available.
Package pdftexcmds Info: \pdfdraftmode found.
)
Package grfext Info: Graphics extension search list:
(grfext)             [.png,.pdf,.jpg,.mps,.jpeg,.jbig2,.jb2,.PNG,.PDF,.JPG,.JPE
G,.JBIG2,.JB2,.eps]
(grfext)             \AppendGraphicsExtensions on input line 452.
))
("C:\Program Files (x86)\MiKTeX 2.9\tex\latex\base\latexsym.sty"
Package: latexsym 1998/08/17 v2.2e Standard LaTeX package (lasy symbols)
\symlasy=\mathgroup6
LaTeX Font Info:    Overwriting symbol font `lasy' in version `bold'
(Font)                  U/lasy/m/n --> U/lasy/b/n on input line 47.
)
("C:\Program Files (x86)\MiKTeX 2.9\tex\latex\graphics\color.sty"
Package: color 2005/11/14 v1.0j Standard LaTeX Color (DPC)

("C:\Program Files (x86)\MiKTeX 2.9\tex\latex\00miktex\color.cfg"
File: color.cfg 2007/01/18 v1.5 color configuration of teTeX/TeXLive
)
Package color Info: Driver file: pdftex.def on input line 130.
)
("C:\Program Files (x86)\MiKTeX 2.9\tex\latex\tools\array.sty"
Package: array 2008/09/09 v2.4c Tabular extension package (FMi)
\col@sep=\dimen138
\extrarowheight=\dimen139
\NC@list=\toks27
\extratabsurround=\skip64
\backup@length=\skip65
)
("C:\Program Files (x86)\MiKTeX 2.9\tex\latex\multirow\multirow.sty"
\bigstrutjot=\dimen140
)
("C:\Program Files (x86)\MiKTeX 2.9\tex\latex\wasysym\wasysym.sty"
Package: wasysym 2003/10/30 v2.0 Wasy-2 symbol support package
\symwasy=\mathgroup7
LaTeX Font Info:    Overwriting symbol font `wasy' in version `bold'
(Font)                  U/wasy/m/n --> U/wasy/b/n on input line 90.
)
("C:\Program Files (x86)\MiKTeX 2.9\tex\latex\tools\verbatim.sty"
Package: verbatim 2003/08/22 v1.5q LaTeX2e package for verbatim enhancements
\every@verbatim=\toks28
\verbatim@line=\toks29
\verbatim@in@stream=\read1
)
("C:\Program Files (x86)\MiKTeX 2.9\tex\latex\titlesec\block.tss"
File: block.tss 2011/12/15
)
("C:\Users\Richard\Desktop\Work\Tritium Paper\TritiumSVN\Tritium.aux"

LaTeX Warning: Label `fig:Removal' multiply defined.

)
LaTeX Font Info:    Checking defaults for OML/cmm/m/it on input line 36.
LaTeX Font Info:    ... okay on input line 36.
LaTeX Font Info:    Checking defaults for T1/cmr/m/n on input line 36.
LaTeX Font Info:    ... okay on input line 36.
LaTeX Font Info:    Checking defaults for OT1/cmr/m/n on input line 36.
LaTeX Font Info:    ... okay on input line 36.
LaTeX Font Info:    Checking defaults for OMS/cmsy/m/n on input line 36.
LaTeX Font Info:    ... okay on input line 36.
LaTeX Font Info:    Checking defaults for OMX/cmex/m/n on input line 36.
LaTeX Font Info:    ... okay on input line 36.
LaTeX Font Info:    Checking defaults for U/cmr/m/n on input line 36.
LaTeX Font Info:    ... okay on input line 36.
 ("C:\Program Files (x86)\MiKTeX 2.9\tex\context\base\supp-pdf.mkii"
[Loading MPS to PDF converter (version 2006.09.02).]
\scratchcounter=\count112
\scratchdimen=\dimen141
\scratchbox=\box35
\nofMPsegments=\count113
\nofMParguments=\count114
\everyMPshowfont=\toks30
\MPscratchCnt=\count115
\MPscratchDim=\dimen142
\MPnumerator=\count116
\makeMPintoPDFobject=\count117
\everyMPtoPDFconversion=\toks31
)
Package caption Info: Begin \AtBeginDocument code.
Package caption Info: rotating package is loaded.
Package caption Info: End \AtBeginDocument code.

*geometry* driver: auto-detecting
*geometry* detected driver: pdftex
*geometry* verbose mode - [ preamble ] result:
* driver: pdftex
* paper: <default>
* layout: <same size as paper>
* layoutoffset:(h,v)=(0.0pt,0.0pt)
* modes: 
* h-part:(L,W,R)=(92.14519pt, 430.00462pt, 92.14519pt)
* v-part:(T,H,B)=(95.39737pt, 556.47656pt, 143.09605pt)
* \paperwidth=614.295pt
* \paperheight=794.96999pt
* \textwidth=556.47711pt
* \textheight=556.47656pt
* \oddsidemargin=-43.36104pt
* \evensidemargin=-43.36104pt
* \topmargin=-13.87262pt
* \headheight=12.0pt
* \headsep=25.0pt
* \topskip=12.0pt
* \footskip=30.0pt
* \marginparwidth=4.0pt
* \marginparsep=10.0pt
* \columnsep=10.0pt
* \skip\footins=10.8pt plus 4.0pt minus 2.0pt
* \hoffset=0.0pt
* \voffset=0.0pt
* \mag=1000
* \@twocolumntrue
* \@twosidefalse
* \@mparswitchfalse
* \@reversemarginfalse
* (1in=72.27pt=25.4mm, 1cm=28.453pt)

LaTeX Font Info:    Try loading font information for U+msa on input line 48.
("C:\Program Files (x86)\MiKTeX 2.9\tex\latex\amsfonts\umsa.fd"
File: umsa.fd 2009/06/22 v3.00 AMS symbols A
)
LaTeX Font Info:    Try loading font information for U+msb on input line 48.

("C:\Program Files (x86)\MiKTeX 2.9\tex\latex\amsfonts\umsb.fd"
File: umsb.fd 2009/06/22 v3.00 AMS symbols B
)
LaTeX Font Info:    Try loading font information for U+lasy on input line 48.

("C:\Program Files (x86)\MiKTeX 2.9\tex\latex\base\ulasy.fd"
File: ulasy.fd 1998/08/17 v2.2e LaTeX symbol font definitions
)
LaTeX Font Info:    Try loading font information for U+wasy on input line 48.

("C:\Program Files (x86)\MiKTeX 2.9\tex\latex\wasysym\uwasy.fd"
File: uwasy.fd 2003/10/30 v2.0 Wasy-2 symbol font definitions
)
("C:\Users\Richard\Desktop\Work\Tritium Paper\TritiumSVN\Abstract.tex")
("C:\Users\Richard\Desktop\Work\Tritium Paper\TritiumSVN\Introduction.tex"
<lux.jpg, id=1, 531.9875pt x 433.62pt>
File: lux.jpg Graphic file (type jpg)
 <use lux.jpg>
Package pdftex.def Info: lux.jpg used on input line 7.
(pdftex.def)             Requested size: 132.99655pt x 108.40472pt.
 [1{C:/ProgramData/MiKTeX/2.9/pdftex/config/pdftex.map}


 <C:/Users/Richard/Desktop/Work/Tritium Paper/TritiumSVN/lux.jpg>]
Underfull \vbox (badness 6332) has occurred while \output is active []

)
("C:\Users\Richard\Desktop\Work\Tritium Paper\TritiumSVN\UMDExperiments.tex"
<GasSystem.png, id=11, 561.59813pt x 864.22874pt>
File: GasSystem.png Graphic file (type png)
 <use GasSystem.png>
Package pdftex.def Info: GasSystem.png used on input line 13.
(pdftex.def)             Requested size: 168.48073pt x 259.27061pt.
 [2]
<Figone.png, id=17, 845.40843pt x 509.65407pt>
File: Figone.png Graphic file (type png)
 <use Figone.png>
Package pdftex.def Info: Figone.png used on input line 26.
(pdftex.def)             Requested size: 169.07869pt x 101.929pt.

<Figfour.png, id=19, 794.2172pt x 527.72156pt>
File: Figfour.png Graphic file (type png)
 <use Figfour.png>
Package pdftex.def Info: Figfour.png used on input line 35.
(pdftex.def)             Requested size: 158.84062pt x 105.54243pt.

Overfull \hbox (273.23856pt too wide) has occurred while \output is active
[] []|[] []
 []

[3 <C:/Users/Richard/Desktop/Work/Tritium Paper/TritiumSVN/GasSystem.png> <C:/U
sers/Richard/Desktop/Work/Tritium Paper/TritiumSVN/Figone.png>]
<UMDInjectionSys.png, id=24, 423.83344pt x 465.23813pt>
File: UMDInjectionSys.png Graphic file (type png)

<use UMDInjectionSys.png>
Package pdftex.def Info: UMDInjectionSys.png used on input line 46.
(pdftex.def)             Requested size: 169.53036pt x 186.09195pt.


LaTeX Warning: `h' float specifier changed to `ht'.

<cryo.png, id=25, 219.82124pt x 416.30531pt>
File: cryo.png Graphic file (type png)
 <use cryo.png>
Package pdftex.def Info: cryo.png used on input line 57.
(pdftex.def)             Requested size: 109.91034pt x 208.15215pt.


LaTeX Warning: `h' float specifier changed to `ht'.


Underfull \vbox (badness 10000) has occurred while \output is active []

 [4 <C:/Users/Richard/Desktop/Work/Tritium Paper/TritiumSVN/Figfour.png> <C:/Us
ers/Richard/Desktop/Work/Tritium Paper/TritiumSVN/UMDInjectionSys.png>]
Overfull \hbox (78.48427pt too wide) in paragraph at lines 94--95
 [][] 
 []

[5 <C:/Users/Richard/Desktop/Work/Tritium Paper/TritiumSVN/cryo.png>] [6

]
<spectra.png, id=39, 727.518pt x 277.035pt>
File: spectra.png Graphic file (type png)
 <use spectra.png>
Package pdftex.def Info: spectra.png used on input line 101.
(pdftex.def)             Requested size: 181.87906pt x 69.25858pt.

<ResidualBackgroundCorrected_SystemErr.png, id=40, 1204.5pt x 409.53pt>
File: ResidualBackgroundCorrected_SystemErr.png Graphic file (type png)

<use ResidualBackgroundCorrected_SystemErr.png>
Package pdftex.def Info: ResidualBackgroundCorrected_SystemErr.png used on inpu
t line 111.
(pdftex.def)             Requested size: 180.6672pt x 61.42683pt.
)
("C:\Users\Richard\Desktop\Work\Tritium Paper\TritiumSVN\Simulations_new.tex"
Underfull \vbox (badness 1635) has occurred while \output is active []

 [7

 <C:/Users/Richard/Desktop/Work/Tritium Paper/TritiumSVN/spectra.png> <C:/Users
/Richard/Desktop/Work/Tritium Paper/TritiumSVN/ResidualBackgroundCorrected_Syst
emErr.png (PNG copy)>] <Outgassing_TimeHisto_Log.png, id=46, 864.22874pt x 571.
38469pt>
File: Outgassing_TimeHisto_Log.png Graphic file (type png)

<use Outgassing_TimeHisto_Log.png>
Package pdftex.def Info: Outgassing_TimeHisto_Log.png used on input line 34.
(pdftex.def)             Requested size: 172.84268pt x 114.2749pt.


LaTeX Warning: `h' float specifier changed to `ht'.

[8] <Steps_Overlay.png, id=54, 698.61pt x 473.77pt>
File: Steps_Overlay.png Graphic file (type png)
 <use Steps_Overlay.png>
Package pdftex.def Info: Steps_Overlay.png used on input line 43.
(pdftex.def)             Requested size: 174.65207pt x 118.4422pt.

<Cesium_Combined_Fit.png, id=55, 608.2725pt x 623.32875pt>
File: Cesium_Combined_Fit.png Graphic file (type png)

<use Cesium_Combined_Fit.png>
Package pdftex.def Info: Cesium_Combined_Fit.png used on input line 52.
(pdftex.def)             Requested size: 182.48315pt x 187.00006pt.
 [9 <C:/Users/Richard/Desktop/Work/Tritium Paper/TritiumSVN/Outgassing_TimeHist
o_Log.png> <C:/Users/Richard/Desktop/Work/Tritium Paper/TritiumSVN/Steps_Overla
y.png> <C:/Users/Richard/Desktop/Work/Tritium Paper/TritiumSVN/Cesium_Combined_
Fit.png>]
<StepsandNoSteps.png, id=60, 470.50781pt x 445.665pt>
File: StepsandNoSteps.png Graphic file (type png)

<use StepsandNoSteps.png>
Package pdftex.def Info: StepsandNoSteps.png used on input line 61.
(pdftex.def)             Requested size: 188.19978pt x 178.26283pt.
 [10 <C:/Users/Richard/Desktop/Work/Tritium Paper/TritiumSVN/StepsandNoSteps.pn
g>]
<LUXActivityOverTime_new.png, id=64, 1284.8pt x 624.3325pt>
File: LUXActivityOverTime_new.png Graphic file (type png)

<use LUXActivityOverTime_new.png>
Package pdftex.def Info: LUXActivityOverTime_new.png used on input line 94.
(pdftex.def)             Requested size: 192.71169pt x 93.64583pt.
)
("C:\Users\Richard\Desktop\Work\Tritium Paper\TritiumSVN\Hardware.tex" [11 <C:/
Users/Richard/Desktop/Work/Tritium Paper/TritiumSVN/LUXActivityOverTime_new.png
 (PNG copy)>] <BottleSetup.png, id=68, 655.69969pt x 306.39468pt>
File: BottleSetup.png Graphic file (type png)

<use BottleSetup.png>
Package pdftex.def Info: BottleSetup.png used on input line 11.
(pdftex.def)             Requested size: 196.71143pt x 91.91911pt.

<TritiumPlumbingUpdated.png, id=69, 630.85687pt x 438.13687pt>
File: TritiumPlumbingUpdated.png Graphic file (type png)

<use TritiumPlumbingUpdated.png>
Package pdftex.def Info: TritiumPlumbingUpdated.png used on input line 23.
(pdftex.def)             Requested size: 189.25851pt x 131.44206pt.

Underfull \vbox (badness 10000) has occurred while \output is active []

 [12 <C:/Users/Richard/Desktop/Work/Tritium Paper/TritiumSVN/BottleSetup.png>])

("C:\Users\Richard\Desktop\Work\Tritium Paper\TritiumSVN\InjectionStrategy.tex"
<CH4_injection.png, id=73, 513.92pt x 433.62pt>
File: CH4_injection.png Graphic file (type png)
 <use CH4_injection.png>
Package pdftex.def Info: CH4_injection.png used on input line 11.
(pdftex.def)             Requested size: 154.17719pt x 130.087pt.

[13 <C:/Users/Richard/Desktop/Work/Tritium Paper/TritiumSVN/TritiumPlumbingUpda
ted.png> <C:/Users/Richard/Desktop/Work/Tritium Paper/TritiumSVN/CH4_injection.
png>]
Package epstopdf Info: Source file: <CH3T_Rate_fid_150_lux10_20130813T1120_note
.eps>
(epstopdf)                    date: 2013-12-16 15:01:24
(epstopdf)                    size: 40542 bytes
(epstopdf)             Output file: <CH3T_Rate_fid_150_lux10_20130813T1120_note
-eps-converted-to.pdf>
(epstopdf)                    date: 2013-12-16 15:02:38
(epstopdf)                    size: 28553 bytes
(epstopdf)             Command: <epstopdf --outfile=CH3T_Rate_fid_150_lux10_201
30813T1120_note-eps-converted-to.pdf CH3T_Rate_fid_150_lux10_20130813T1120_note
.eps>
(epstopdf)             \includegraphics on input line 23.
Package epstopdf Info: Output file is already uptodate.

<CH3T_Rate_fid_150_lux10_20130813T1120_note-eps-converted-to.pdf, id=79, 561.09
625pt x 421.575pt>
File: CH3T_Rate_fid_150_lux10_20130813T1120_note-eps-converted-to.pdf Graphic f
ile (type pdf)

<use CH3T_Rate_fid_150_lux10_20130813T1120_note-eps-converted-to.pdf>
Package pdftex.def Info: CH3T_Rate_fid_150_lux10_20130813T1120_note-eps-convert
ed-to.pdf used on input line 23.
(pdftex.def)             Requested size: 227.62204pt x 171.01997pt.
Package epstopdf Info: Source file: <CH3T_Rate_fid_500_lux10_20130813T1120.eps>

(epstopdf)                    date: 2013-12-14 14:03:46
(epstopdf)                    size: 45673 bytes
(epstopdf)             Output file: <CH3T_Rate_fid_500_lux10_20130813T1120-eps-
converted-to.pdf>
(epstopdf)                    date: 2013-12-14 14:17:24
(epstopdf)                    size: 30925 bytes
(epstopdf)             Command: <epstopdf --outfile=CH3T_Rate_fid_500_lux10_201
30813T1120-eps-converted-to.pdf CH3T_Rate_fid_500_lux10_20130813T1120.eps>
(epstopdf)             \includegraphics on input line 24.
Package epstopdf Info: Output file is already uptodate.

<CH3T_Rate_fid_500_lux10_20130813T1120-eps-converted-to.pdf, id=80, 561.09625pt
 x 420.57124pt>
File: CH3T_Rate_fid_500_lux10_20130813T1120-eps-converted-to.pdf Graphic file (
type pdf)

<use CH3T_Rate_fid_500_lux10_20130813T1120-eps-converted-to.pdf>
Package pdftex.def Info: CH3T_Rate_fid_500_lux10_20130813T1120-eps-converted-to
.pdf used on input line 24.
(pdftex.def)             Requested size: 227.62204pt x 170.61278pt.

Underfull \vbox (badness 10000) has occurred while \output is active []

Package epstopdf Info: Source file: <CH4_injection.eps>
(epstopdf)                    date: 2013-11-07 17:57:30
(epstopdf)                    size: 20368 bytes
(epstopdf)             Output file: <CH4_injection-eps-converted-to.pdf>
(epstopdf)                    date: 2013-12-16 13:58:00
(epstopdf)                    size: 17087 bytes
(epstopdf)             Command: <epstopdf --outfile=CH4_injection-eps-converted
-to.pdf CH4_injection.eps>
(epstopdf)             \includegraphics on input line 30.
Package epstopdf Info: Output file is already uptodate.

<CH4_injection-eps-converted-to.pdf, id=81, 513.92pt x 433.62pt>
File: CH4_injection-eps-converted-to.pdf Graphic file (type pdf)

<use CH4_injection-eps-converted-to.pdf>
Package pdftex.def Info: CH4_injection-eps-converted-to.pdf used on input line 
30.
(pdftex.def)             Requested size: 227.62204pt x 192.05714pt.

Underfull \vbox (badness 10000) has occurred while \output is active []

 [14 <C:/Users/Richard/Desktop/Work/Tritium Paper/TritiumSVN/CH3T_Rate_fid_150_
lux10_20130813T1120_note-eps-converted-to.pdf> <C:/Users/Richard/Desktop/Work/T
ritium Paper/TritiumSVN/CH3T_Rate_fid_500_lux10_20130813T1120-eps-converted-to.
pdf>]
Package epstopdf Info: Source file: <CH3T_fid_30_before_100_18_lux10_20130813T1
120_cp05328_note.eps>
(epstopdf)                    date: 2013-12-14 14:10:08
(epstopdf)                    size: 10698 bytes
(epstopdf)             Output file: <CH3T_fid_30_before_100_18_lux10_20130813T1
120_cp05328_note-eps-converted-to.pdf>
(epstopdf)                    date: 2013-12-14 14:17:24
(epstopdf)                    size: 9736 bytes
(epstopdf)             Command: <epstopdf --outfile=CH3T_fid_30_before_100_18_l
ux10_20130813T1120_cp05328_note-eps-converted-to.pdf CH3T_fid_30_before_100_18_
lux10_20130813T1120_cp05328_note.eps>
(epstopdf)             \includegraphics on input line 37.
Package epstopdf Info: Output file is already uptodate.

<CH3T_fid_30_before_100_18_lux10_20130813T1120_cp05328_note-eps-converted-to.pd
f, id=105, 561.09625pt x 420.57124pt>
File: CH3T_fid_30_before_100_18_lux10_20130813T1120_cp05328_note-eps-converted-
to.pdf Graphic file (type pdf)

<use CH3T_fid_30_before_100_18_lux10_20130813T1120_cp05328_note-eps-converted-t
o.pdf>
Package pdftex.def Info: CH3T_fid_30_before_100_18_lux10_20130813T1120_cp05328_
note-eps-converted-to.pdf used on input line 37.
(pdftex.def)             Requested size: 227.62204pt x 170.61278pt.
Package epstopdf Info: Source file: <CH3T_fid_30_after_100_18_afterlux10_201308
13T1120_cp05328_note.eps>
(epstopdf)                    date: 2013-12-14 14:11:08
(epstopdf)                    size: 10705 bytes
(epstopdf)             Output file: <CH3T_fid_30_after_100_18_afterlux10_201308
13T1120_cp05328_note-eps-converted-to.pdf>
(epstopdf)                    date: 2013-12-14 14:17:26
(epstopdf)                    size: 9532 bytes
(epstopdf)             Command: <epstopdf --outfile=CH3T_fid_30_after_100_18_af
terlux10_20130813T1120_cp05328_note-eps-converted-to.pdf CH3T_fid_30_after_100_
18_afterlux10_20130813T1120_cp05328_note.eps>
(epstopdf)             \includegraphics on input line 38.
Package epstopdf Info: Output file is already uptodate.

<CH3T_fid_30_after_100_18_afterlux10_20130813T1120_cp05328_note-eps-converted-t
o.pdf, id=106, 561.09625pt x 420.57124pt>
File: CH3T_fid_30_after_100_18_afterlux10_20130813T1120_cp05328_note-eps-conver
ted-to.pdf Graphic file (type pdf)

<use CH3T_fid_30_after_100_18_afterlux10_20130813T1120_cp05328_note-eps-convert
ed-to.pdf>
Package pdftex.def Info: CH3T_fid_30_after_100_18_afterlux10_20130813T1120_cp05
328_note-eps-converted-to.pdf used on input line 38.
(pdftex.def)             Requested size: 227.62204pt x 170.61278pt.

Underfull \vbox (badness 10000) has occurred while \output is active []

)
("C:\Users\Richard\Desktop\Work\Tritium Paper\TritiumSVN\Tritium_Results_Sectio
n.tex" [15 <C:/Users/Richard/Desktop/Work/Tritium Paper/TritiumSVN/CH4_injectio
n-eps-converted-to.pdf> <C:/Users/Richard/Desktop/Work/Tritium Paper/TritiumSVN
/CH3T_fid_30_before_100_18_lux10_20130813T1120_cp05328_note-eps-converted-to.pd
f> <C:/Users/Richard/Desktop/Work/Tritium Paper/TritiumSVN/CH3T_fid_30_after_10
0_18_afterlux10_20130813T1120_cp05328_note-eps-converted-to.pdf>]
Package epstopdf Info: Source file: <CH3T_Leakage_fid_30_lux10_20130813T1120_cp
05328_wo200cut_note.eps>
(epstopdf)                    date: 2013-12-14 20:03:04
(epstopdf)                    size: 19598 bytes
(epstopdf)             Output file: <CH3T_Leakage_fid_30_lux10_20130813T1120_cp
05328_wo200cut_note-eps-converted-to.pdf>
(epstopdf)                    date: 2013-12-14 20:12:18
(epstopdf)                    size: 13577 bytes
(epstopdf)             Command: <epstopdf --outfile=CH3T_Leakage_fid_30_lux10_2
0130813T1120_cp05328_wo200cut_note-eps-converted-to.pdf CH3T_Leakage_fid_30_lux
10_20130813T1120_cp05328_wo200cut_note.eps>
(epstopdf)             \includegraphics on input line 13.
Package epstopdf Info: Output file is already uptodate.

<CH3T_Leakage_fid_30_lux10_20130813T1120_cp05328_wo200cut_note-eps-converted-to
.pdf, id=138, 561.09625pt x 421.575pt>
File: CH3T_Leakage_fid_30_lux10_20130813T1120_cp05328_wo200cut_note-eps-convert
ed-to.pdf Graphic file (type pdf)

<use CH3T_Leakage_fid_30_lux10_20130813T1120_cp05328_wo200cut_note-eps-converte
d-to.pdf>
Package pdftex.def Info: CH3T_Leakage_fid_30_lux10_20130813T1120_cp05328_wo200c
ut_note-eps-converted-to.pdf used on input line 13.
(pdftex.def)             Requested size: 227.62204pt x 171.01997pt.
Package epstopdf Info: Source file: <CH3T_fid_30_lux10_20130813T1120_cp05328_wo
200cut_note.eps>
(epstopdf)                    date: 2013-12-14 20:04:50
(epstopdf)                    size: 405755 bytes
(epstopdf)             Output file: <CH3T_fid_30_lux10_20130813T1120_cp05328_wo
200cut_note-eps-converted-to.pdf>
(epstopdf)                    date: 2013-12-14 20:12:20
(epstopdf)                    size: 260658 bytes
(epstopdf)             Command: <epstopdf --outfile=CH3T_fid_30_lux10_20130813T
1120_cp05328_wo200cut_note-eps-converted-to.pdf CH3T_fid_30_lux10_20130813T1120
_cp05328_wo200cut_note.eps>
(epstopdf)             \includegraphics on input line 14.
Package epstopdf Info: Output file is already uptodate.

<CH3T_fid_30_lux10_20130813T1120_cp05328_wo200cut_note-eps-converted-to.pdf, id
=139, 561.09625pt x 421.575pt>
File: CH3T_fid_30_lux10_20130813T1120_cp05328_wo200cut_note-eps-converted-to.pd
f Graphic file (type pdf)

<use CH3T_fid_30_lux10_20130813T1120_cp05328_wo200cut_note-eps-converted-to.pdf
>
Package pdftex.def Info: CH3T_fid_30_lux10_20130813T1120_cp05328_wo200cut_note-
eps-converted-to.pdf used on input line 14.
(pdftex.def)             Requested size: 227.62204pt x 171.01997pt.
Package epstopdf Info: Source file: <CH3T_fid_30_zoom_lux10_20130813T1120_cp053
28_wo200cut_note.eps>
(epstopdf)                    date: 2013-12-14 20:05:14
(epstopdf)                    size: 388841 bytes
(epstopdf)             Output file: <CH3T_fid_30_zoom_lux10_20130813T1120_cp053
28_wo200cut_note-eps-converted-to.pdf>
(epstopdf)                    date: 2013-12-14 20:12:20
(epstopdf)                    size: 257167 bytes
(epstopdf)             Command: <epstopdf --outfile=CH3T_fid_30_zoom_lux10_2013
0813T1120_cp05328_wo200cut_note-eps-converted-to.pdf CH3T_fid_30_zoom_lux10_201
30813T1120_cp05328_wo200cut_note.eps>
(epstopdf)             \includegraphics on input line 15.
Package epstopdf Info: Output file is already uptodate.

<CH3T_fid_30_zoom_lux10_20130813T1120_cp05328_wo200cut_note-eps-converted-to.pd
f, id=140, 561.09625pt x 421.575pt>
File: CH3T_fid_30_zoom_lux10_20130813T1120_cp05328_wo200cut_note-eps-converted-
to.pdf Graphic file (type pdf)

<use CH3T_fid_30_zoom_lux10_20130813T1120_cp05328_wo200cut_note-eps-converted-t
o.pdf>
Package pdftex.def Info: CH3T_fid_30_zoom_lux10_20130813T1120_cp05328_wo200cut_
note-eps-converted-to.pdf used on input line 15.
(pdftex.def)             Requested size: 227.62204pt x 171.01997pt.

Underfull \vbox (badness 10000) has occurred while \output is active []


Overfull \vbox (113.58334pt too high) has occurred while \output is active []


[16 <C:/Users/Richard/Desktop/Work/Tritium Paper/TritiumSVN/CH3T_Leakage_fid_30
_lux10_20130813T1120_cp05328_wo200cut_note-eps-converted-to.pdf> <C:/Users/Rich
ard/Desktop/Work/Tritium Paper/TritiumSVN/CH3T_fid_30_lux10_20130813T1120_cp053
28_wo200cut_note-eps-converted-to.pdf> <C:/Users/Richard/Desktop/Work/Tritium P
aper/TritiumSVN/CH3T_fid_30_zoom_lux10_20130813T1120_cp05328_wo200cut_note-eps-
converted-to.pdf>]
Package epstopdf Info: Source file: <CH3T_DATA_NEST_fid_30_lux10_20130813T1120_
cp05328.eps>
(epstopdf)                    date: 2013-12-16 11:04:36
(epstopdf)                    size: 15363 bytes
(epstopdf)             Output file: <CH3T_DATA_NEST_fid_30_lux10_20130813T1120_
cp05328-eps-converted-to.pdf>
(epstopdf)                    date: 2013-12-16 11:10:04
(epstopdf)                    size: 10226 bytes
(epstopdf)             Command: <epstopdf --outfile=CH3T_DATA_NEST_fid_30_lux10
_20130813T1120_cp05328-eps-converted-to.pdf CH3T_DATA_NEST_fid_30_lux10_2013081
3T1120_cp05328.eps>
(epstopdf)             \includegraphics on input line 24.
Package epstopdf Info: Output file is already uptodate.

<CH3T_DATA_NEST_fid_30_lux10_20130813T1120_cp05328-eps-converted-to.pdf, id=176
, 518.93875pt x 406.51875pt>
File: CH3T_DATA_NEST_fid_30_lux10_20130813T1120_cp05328-eps-converted-to.pdf Gr
aphic file (type pdf)

<use CH3T_DATA_NEST_fid_30_lux10_20130813T1120_cp05328-eps-converted-to.pdf>
Package pdftex.def Info: CH3T_DATA_NEST_fid_30_lux10_20130813T1120_cp05328-eps-
converted-to.pdf used on input line 24.
(pdftex.def)             Requested size: 227.62204pt x 178.31053pt.
Package epstopdf Info: Source file: <CH3T_RZ_scatter_lux10_20130812T1546.eps>
(epstopdf)                    date: 2013-12-16 13:29:40
(epstopdf)                    size: 128091 bytes
(epstopdf)             Output file: <CH3T_RZ_scatter_lux10_20130812T1546-eps-co
nverted-to.pdf>
(epstopdf)                    date: 2013-12-16 13:30:48
(epstopdf)                    size: 360313 bytes
(epstopdf)             Command: <epstopdf --outfile=CH3T_RZ_scatter_lux10_20130
812T1546-eps-converted-to.pdf CH3T_RZ_scatter_lux10_20130812T1546.eps>
(epstopdf)             \includegraphics on input line 35.
Package epstopdf Info: Output file is already uptodate.

<CH3T_RZ_scatter_lux10_20130812T1546-eps-converted-to.pdf, id=177, 414.54875pt 
x 404.51125pt>
File: CH3T_RZ_scatter_lux10_20130812T1546-eps-converted-to.pdf Graphic file (ty
pe pdf)
 <use CH3T_RZ_scatter_lux10_20130812T1546-eps-converted-to.pdf>
Package pdftex.def Info: CH3T_RZ_scatter_lux10_20130812T1546-eps-converted-to.p
df used on input line 35.
(pdftex.def)             Requested size: 227.62204pt x 222.10535pt.
Package epstopdf Info: Source file: <CH3T_XY_scatter_PMT_lux10_20130812T1546.ep
s>
(epstopdf)                    date: 2013-12-16 13:10:54
(epstopdf)                    size: 180765 bytes
(epstopdf)             Output file: <CH3T_XY_scatter_PMT_lux10_20130812T1546-ep
s-converted-to.pdf>
(epstopdf)                    date: 2013-12-16 13:30:50
(epstopdf)                    size: 393150 bytes
(epstopdf)             Command: <epstopdf --outfile=CH3T_XY_scatter_PMT_lux10_2
0130812T1546-eps-converted-to.pdf CH3T_XY_scatter_PMT_lux10_20130812T1546.eps>
(epstopdf)             \includegraphics on input line 36.
Package epstopdf Info: Output file is already uptodate.

<CH3T_XY_scatter_PMT_lux10_20130812T1546-eps-converted-to.pdf, id=178, 416.5562
4pt x 406.51875pt>
File: CH3T_XY_scatter_PMT_lux10_20130812T1546-eps-converted-to.pdf Graphic file
 (type pdf)

<use CH3T_XY_scatter_PMT_lux10_20130812T1546-eps-converted-to.pdf>
Package pdftex.def Info: CH3T_XY_scatter_PMT_lux10_20130812T1546-eps-converted-
to.pdf used on input line 36.
(pdftex.def)             Requested size: 227.62204pt x 222.1407pt.
Package epstopdf Info: Source file: <CH3T_Z_density_lux10_20130812T1546.eps>
(epstopdf)                    date: 2013-12-16 13:24:16
(epstopdf)                    size: 11312 bytes
(epstopdf)             Output file: <CH3T_Z_density_lux10_20130812T1546-eps-con
verted-to.pdf>
(epstopdf)                    date: 2013-12-16 13:30:48
(epstopdf)                    size: 8551 bytes
(epstopdf)             Command: <epstopdf --outfile=CH3T_Z_density_lux10_201308
12T1546-eps-converted-to.pdf CH3T_Z_density_lux10_20130812T1546.eps>
(epstopdf)             \includegraphics on input line 37.
Package epstopdf Info: Output file is already uptodate.

<CH3T_Z_density_lux10_20130812T1546-eps-converted-to.pdf, id=179, 561.09625pt x
 421.575pt>
File: CH3T_Z_density_lux10_20130812T1546-eps-converted-to.pdf Graphic file (typ
e pdf)
 <use CH3T_Z_density_lux10_20130812T1546-eps-converted-to.pdf>
Package pdftex.def Info: CH3T_Z_density_lux10_20130812T1546-eps-converted-to.pd
f used on input line 37.
(pdftex.def)             Requested size: 227.62204pt x 171.01997pt.

Underfull \vbox (badness 10000) has occurred while \output is active []

 [17 <C:/Users/Richard/Desktop/Work/Tritium Paper/TritiumSVN/CH3T_DATA_NEST_fid
_30_lux10_20130813T1120_cp05328-eps-converted-to.pdf>]
Overfull \vbox (172.28944pt too high) has occurred while \output is active []

Package epstopdf Info: Source file: <CH3T_E_spec_18_lux10_20130813T1120_cp05328
_note.eps>
(epstopdf)                    date: 2013-12-16 14:23:42
(epstopdf)                    size: 28055 bytes
(epstopdf)             Output file: <CH3T_E_spec_18_lux10_20130813T1120_cp05328
_note-eps-converted-to.pdf>
(epstopdf)                    date: 2013-12-16 14:32:16
(epstopdf)                    size: 22219 bytes
(epstopdf)             Command: <epstopdf --outfile=CH3T_E_spec_18_lux10_201308
13T1120_cp05328_note-eps-converted-to.pdf CH3T_E_spec_18_lux10_20130813T1120_cp
05328_note.eps>
(epstopdf)             \includegraphics on input line 51.
Package epstopdf Info: Output file is already uptodate.

<CH3T_E_spec_18_lux10_20130813T1120_cp05328_note-eps-converted-to.pdf, id=188, 
754.82pt x 581.17125pt>
File: CH3T_E_spec_18_lux10_20130813T1120_cp05328_note-eps-converted-to.pdf Grap
hic file (type pdf)

<use CH3T_E_spec_18_lux10_20130813T1120_cp05328_note-eps-converted-to.pdf>
Package pdftex.def Info: CH3T_E_spec_18_lux10_20130813T1120_cp05328_note-eps-co
nverted-to.pdf used on input line 51.
(pdftex.def)             Requested size: 227.62204pt x 175.25725pt.

Underfull \vbox (badness 10000) has occurred while \output is active []

 [18 <C:/Users/Richard/Desktop/Work/Tritium Paper/TritiumSVN/CH3T_RZ_scatter_lu
x10_20130812T1546-eps-converted-to.pdf> <C:/Users/Richard/Desktop/Work/Tritium 
Paper/TritiumSVN/CH3T_XY_scatter_PMT_lux10_20130812T1546-eps-converted-to.pdf> 
<C:/Users/Richard/Desktop/Work/Tritium Paper/TritiumSVN/CH3T_Z_density_lux10_20
130812T1546-eps-converted-to.pdf> <C:/Users/Richard/Desktop/Work/Tritium Paper/
TritiumSVN/CH3T_E_spec_18_lux10_20130813T1120_cp05328_note-eps-converted-to.pdf
>]
Package epstopdf Info: Source file: <CH3T_all_lux10_20130813T1120_cp05328.eps>
(epstopdf)                    date: 2013-10-13 14:55:02
(epstopdf)                    size: 934953 bytes
(epstopdf)             Output file: <CH3T_all_lux10_20130813T1120_cp05328-eps-c
onverted-to.pdf>
(epstopdf)                    date: 2013-12-16 14:32:16
(epstopdf)                    size: 530430 bytes
(epstopdf)             Command: <epstopdf --outfile=CH3T_all_lux10_20130813T112
0_cp05328-eps-converted-to.pdf CH3T_all_lux10_20130813T1120_cp05328.eps>
(epstopdf)             \includegraphics on input line 67.
Package epstopdf Info: Output file is already uptodate.

<CH3T_all_lux10_20130813T1120_cp05328-eps-converted-to.pdf, id=222, 545.03625pt
 x 427.5975pt>
File: CH3T_all_lux10_20130813T1120_cp05328-eps-converted-to.pdf Graphic file (t
ype pdf)
 <use CH3T_all_lux10_20130813T1120_cp05328-eps-converted-to.pdf>
Package pdftex.def Info: CH3T_all_lux10_20130813T1120_cp05328-eps-converted-to.
pdf used on input line 67.
(pdftex.def)             Requested size: 227.62204pt x 178.57188pt.

Underfull \vbox (badness 10000) has occurred while \output is active []

)
("C:\Users\Richard\Desktop\Work\Tritium Paper\TritiumSVN\Summary.tex")
Underfull \hbox (badness 3148) in paragraph at lines 68--69
[]\OT1/cmr/m/n/12 Fiorucci, et al. \OT1/cmr/m/it/12 AIP Con-fer-ence Pro-ceed-i
ngs
 []

[19 <C:/Users/Richard/Desktop/Work/Tritium Paper/TritiumSVN/CH3T_all_lux10_2013
0813T1120_cp05328-eps-converted-to.pdf>] [20

]
("C:\Users\Richard\Desktop\Work\Tritium Paper\TritiumSVN\Tritium.aux")

LaTeX Warning: There were multiply-defined labels.

 ) 
Here is how much of TeX's memory you used:
 5346 strings out of 494045
 82917 string characters out of 3145963
 147691 words of memory out of 3000000
 8483 multiletter control sequences out of 15000+200000
 14362 words of font info for 60 fonts, out of 3000000 for 9000
 715 hyphenation exceptions out of 8191
 42i,10n,40p,1744b,387s stack positions out of 5000i,500n,10000p,200000b,50000s
<C:/Program Files (x86)/MiKTeX 2.9/fonts/type1/public/amsfonts/cm/cmbx10.pfb>
<C:/Program Files (x86)/MiKTeX 2.9/fonts/type1/public/amsfonts/cm/cmbx12.pfb><C
:/Program Files (x86)/MiKTeX 2.9/fonts/type1/public/amsfonts/cm/cmex10.pfb><C:/
Program Files (x86)/MiKTeX 2.9/fonts/type1/public/amsfonts/cm/cmmi10.pfb><C:/Pr
ogram Files (x86)/MiKTeX 2.9/fonts/type1/public/amsfonts/cm/cmmi12.pfb><C:/Prog
ram Files (x86)/MiKTeX 2.9/fonts/type1/public/amsfonts/cm/cmmi6.pfb><C:/Program
 Files (x86)/MiKTeX 2.9/fonts/type1/public/amsfonts/cm/cmmi8.pfb><C:/Program Fi
les (x86)/MiKTeX 2.9/fonts/type1/public/amsfonts/cm/cmr10.pfb><C:/Program Files
 (x86)/MiKTeX 2.9/fonts/type1/public/amsfonts/cm/cmr12.pfb><C:/Program Files (x
86)/MiKTeX 2.9/fonts/type1/public/amsfonts/cm/cmr17.pfb><C:/Program Files (x86)
/MiKTeX 2.9/fonts/type1/public/amsfonts/cm/cmr6.pfb><C:/Program Files (x86)/MiK
TeX 2.9/fonts/type1/public/amsfonts/cm/cmr8.pfb><C:/Program Files (x86)/MiKTeX 
2.9/fonts/type1/public/amsfonts/cm/cmsy10.pfb><C:/Program Files (x86)/MiKTeX 2.
9/fonts/type1/public/amsfonts/cm/cmsy6.pfb><C:/Program Files (x86)/MiKTeX 2.9/f
onts/type1/public/amsfonts/cm/cmsy8.pfb><C:/Program Files (x86)/MiKTeX 2.9/font
s/type1/public/amsfonts/cm/cmti12.pfb>
Output written on Tritium.pdf (20 pages, 3279070 bytes).
PDF statistics:
 286 PDF objects out of 1000 (max. 8388607)
 0 named destinations out of 1000 (max. 500000)
 151 words of extra memory for PDF output out of 10000 (max. 10000000)

